# JRE version: OpenJDK Runtime Environment Corretto-21.0.8.9.1 (21.0.8+9) (build 21.0.8+9-LTS)
# Java VM: OpenJDK 64-Bit Server VM Corretto-21.0.8.9.1 (21.0.8+9-LTS, mixed mode, emulated-client, sharing, tiered, compressed oops, compressed class ptrs, g1 gc, windows-amd64)
GC Precious Log:
 CardTable entry size: 512
 Card Set container configuration: InlinePtr #cards 4 size 8 Array Of Cards #cards 32 size 80 Howl #buckets 8 coarsen threshold 7372 Howl Bitmap #cards 1024 size 144 coarsen threshold 921 Card regions per heap region 1 cards per card region 8192
 CPUs: 12 total, 12 available
 Memory: 32575M
 Large Page Support: Disabled
 NUMA Support: Disabled
 Compressed Oops: Enabled (Zero based)
 Heap Region Size: 4M
 Heap Min Capacity: 8M
 Heap Initial Capacity: 512M
 Heap Max Capacity: 8144M
 Pre-touch: Disabled
 Parallel Workers: 10
 Concurrent Workers: 3
 Concurrent Refinement Workers: 10
 Periodic GC: Disabled
Heap:
 garbage-first heap   total 151552K, used 97126K [0x0000000603000000, 0x0000000800000000)
  region size 4096K, 17 young (69632K), 1 survivors (4096K)
 Metaspace       used 93006K, committed 93696K, reserved 1179648K
  class space    used 13264K, committed 13568K, reserved 1048576K
GC Heap History (20 events):
Event: 9905.301 GC heap before
{Heap before GC invocations=172 (full 0):
 garbage-first heap   total 151552K, used 125921K [0x0000000603000000, 0x0000000800000000)
  region size 4096K, 22 young (90112K), 1 survivors (4096K)
 Metaspace       used 92996K, committed 93696K, reserved 1179648K
  class space    used 13262K, committed 13568K, reserved 1048576K
}
Event: 9905.303 GC heap after
{Heap after GC invocations=173 (full 0):
 garbage-first heap   total 151552K, used 39516K [0x0000000603000000, 0x0000000800000000)
  region size 4096K, 1 young (4096K), 1 survivors (4096K)
 Metaspace       used 92996K, committed 93696K, reserved 1179648K
  class space    used 13262K, committed 13568K, reserved 1048576K
}
Event: 9973.041 GC heap before
{Heap before GC invocations=173 (full 0):
 garbage-first heap   total 151552K, used 125532K [0x0000000603000000, 0x0000000800000000)
  region size 4096K, 22 young (90112K), 1 survivors (4096K)
 Metaspace       used 93006K, committed 93696K, reserved 1179648K
  class space    used 13264K, committed 13568K, reserved 1048576K
}
Event: 9973.042 GC heap after
{Heap after GC invocations=174 (full 0):
 garbage-first heap   total 151552K, used 39803K [0x0000000603000000, 0x0000000800000000)
  region size 4096K, 1 young (4096K), 1 survivors (4096K)
 Metaspace       used 93006K, committed 93696K, reserved 1179648K
  class space    used 13264K, committed 13568K, reserved 1048576K
}
Event: 10044.917 GC heap before
{Heap before GC invocations=175 (full 0):
 garbage-first heap   total 151552K, used 125819K [0x0000000603000000, 0x0000000800000000)
  region size 4096K, 22 young (90112K), 1 survivors (4096K)
 Metaspace       used 92996K, committed 93696K, reserved 1179648K
  class space    used 13262K, committed 13568K, reserved 1048576K
}
Event: 10044.918 GC heap after
{Heap after GC invocations=176 (full 0):
 garbage-first heap   total 151552K, used 39870K [0x0000000603000000, 0x0000000800000000)
  region size 4096K, 1 young (4096K), 1 survivors (4096K)
 Metaspace       used 92996K, committed 93696K, reserved 1179648K
  class space    used 13262K, committed 13568K, reserved 1048576K
}
Event: 10112.691 GC heap before
{Heap before GC invocations=176 (full 0):
 garbage-first heap   total 151552K, used 125886K [0x0000000603000000, 0x0000000800000000)
  region size 4096K, 22 young (90112K), 1 survivors (4096K)
 Metaspace       used 92996K, committed 93696K, reserved 1179648K
  class space    used 13262K, committed 13568K, reserved 1048576K
}
Event: 10112.693 GC heap after
{Heap after GC invocations=177 (full 0):
 garbage-first heap   total 151552K, used 39732K [0x0000000603000000, 0x0000000800000000)
  region size 4096K, 1 young (4096K), 1 survivors (4096K)
 Metaspace       used 92996K, committed 93696K, reserved 1179648K
  class space    used 13262K, committed 13568K, reserved 1048576K
}
Event: 10180.459 GC heap before
{Heap before GC invocations=177 (full 0):
 garbage-first heap   total 151552K, used 125748K [0x0000000603000000, 0x0000000800000000)
  region size 4096K, 22 young (90112K), 1 survivors (4096K)
 Metaspace       used 92996K, committed 93696K, reserved 1179648K
  class space    used 13262K, committed 13568K, reserved 1048576K
}
Event: 10180.460 GC heap after
{Heap after GC invocations=178 (full 0):
 garbage-first heap   total 151552K, used 39840K [0x0000000603000000, 0x0000000800000000)
  region size 4096K, 1 young (4096K), 1 survivors (4096K)
 Metaspace       used 92996K, committed 93696K, reserved 1179648K
  class space    used 13262K, committed 13568K, reserved 1048576K
}
Event: 10248.236 GC heap before
{Heap before GC invocations=179 (full 0):
 garbage-first heap   total 151552K, used 125856K [0x0000000603000000, 0x0000000800000000)
  region size 4096K, 22 young (90112K), 1 survivors (4096K)
 Metaspace       used 92996K, committed 93696K, reserved 1179648K
  class space    used 13262K, committed 13568K, reserved 1048576K
}
Event: 10248.237 GC heap after
{Heap after GC invocations=180 (full 0):
 garbage-first heap   total 151552K, used 39711K [0x0000000603000000, 0x0000000800000000)
  region size 4096K, 1 young (4096K), 1 survivors (4096K)
 Metaspace       used 92996K, committed 93696K, reserved 1179648K
  class space    used 13262K, committed 13568K, reserved 1048576K
}
Event: 10315.023 GC heap before
{Heap before GC invocations=180 (full 0):
 garbage-first heap   total 151552K, used 125727K [0x0000000603000000, 0x0000000800000000)
  region size 4096K, 22 young (90112K), 1 survivors (4096K)
 Metaspace       used 92996K, committed 93696K, reserved 1179648K
  class space    used 13262K, committed 13568K, reserved 1048576K
}
Event: 10315.025 GC heap after
{Heap after GC invocations=181 (full 0):
 garbage-first heap   total 151552K, used 39586K [0x0000000603000000, 0x0000000800000000)
  region size 4096K, 1 young (4096K), 1 survivors (4096K)
 Metaspace       used 92996K, committed 93696K, reserved 1179648K
  class space    used 13262K, committed 13568K, reserved 1048576K
}
Event: 10386.890 GC heap before
{Heap before GC invocations=181 (full 0):
 garbage-first heap   total 151552K, used 125602K [0x0000000603000000, 0x0000000800000000)
  region size 4096K, 22 young (90112K), 1 survivors (4096K)
 Metaspace       used 92996K, committed 93696K, reserved 1179648K
  class space    used 13262K, committed 13568K, reserved 1048576K
}
Event: 10386.891 GC heap after
{Heap after GC invocations=182 (full 0):
 garbage-first heap   total 151552K, used 39885K [0x0000000603000000, 0x0000000800000000)
  region size 4096K, 1 young (4096K), 1 survivors (4096K)
 Metaspace       used 92996K, committed 93696K, reserved 1179648K
  class space    used 13262K, committed 13568K, reserved 1048576K
}
Event: 10454.678 GC heap before
{Heap before GC invocations=183 (full 0):
 garbage-first heap   total 151552K, used 125901K [0x0000000603000000, 0x0000000800000000)
  region size 4096K, 22 young (90112K), 1 survivors (4096K)
 Metaspace       used 92996K, committed 93696K, reserved 1179648K
  class space    used 13262K, committed 13568K, reserved 1048576K
}
Event: 10454.678 GC heap after
{Heap after GC invocations=184 (full 0):
 garbage-first heap   total 151552K, used 39970K [0x0000000603000000, 0x0000000800000000)
  region size 4096K, 1 young (4096K), 1 survivors (4096K)
 Metaspace       used 92996K, committed 93696K, reserved 1179648K
  class space    used 13262K, committed 13568K, reserved 1048576K
}
Event: 10526.527 GC heap before
{Heap before GC invocations=184 (full 0):
 garbage-first heap   total 151552K, used 125986K [0x0000000603000000, 0x0000000800000000)
  region size 4096K, 22 young (90112K), 1 survivors (4096K)
 Metaspace       used 93006K, committed 93696K, reserved 1179648K
  class space    used 13264K, committed 13568K, reserved 1048576K
}
Event: 10526.530 GC heap after
{Heap after GC invocations=185 (full 0):
 garbage-first heap   total 151552K, used 39782K [0x0000000603000000, 0x0000000800000000)
  region size 4096K, 1 young (4096K), 1 survivors (4096K)
 Metaspace       used 93006K, committed 93696K, reserved 1179648K
  class space    used 13264K, committed 13568K, reserved 1048576K
}

